<?xml version="1.0" encoding="UTF-8"?>
<testng-results skipped="0" failed="0" ignored="0" total="2" passed="2">
  <reporter-output>
  </reporter-output>
  <suite name="Default suite" duration-ms="96" started-at="2021-05-26T18:52:33 IST" finished-at="2021-05-26T18:52:33 IST">
    <groups>
    </groups>
    <test name="Default test" duration-ms="96" started-at="2021-05-26T18:52:33 IST" finished-at="2021-05-26T18:52:33 IST">
      <class name="test.com.packag.TestDemo">
        <test-method status="PASS" signature="setProperty()[pri:0, instance:test.com.packag.TestDemo@1dfe2924]" name="setProperty" is-config="true" duration-ms="23" started-at="2021-05-26T18:52:33 IST" finished-at="2021-05-26T18:52:33 IST">
          <reporter-output>
          </reporter-output>
        </test-method> <!-- setProperty -->
        <test-method status="PASS" signature="browser()[pri:0, instance:test.com.packag.TestDemo@1dfe2924]" name="browser" is-config="true" duration-ms="0" started-at="2021-05-26T18:52:33 IST" finished-at="2021-05-26T18:52:33 IST">
          <reporter-output>
          </reporter-output>
        </test-method> <!-- browser -->
        <test-method status="PASS" signature="openUrl()[pri:0, instance:test.com.packag.TestDemo@1dfe2924]" name="openUrl" is-config="true" duration-ms="1" started-at="2021-05-26T18:52:33 IST" finished-at="2021-05-26T18:52:33 IST">
          <reporter-output>
          </reporter-output>
        </test-method> <!-- openUrl -->
        <test-method status="PASS" signature="login()[pri:0, instance:test.com.packag.TestDemo@1dfe2924]" name="login" is-config="true" duration-ms="3" started-at="2021-05-26T18:52:33 IST" finished-at="2021-05-26T18:52:33 IST">
          <reporter-output>
          </reporter-output>
        </test-method> <!-- login -->
        <test-method status="PASS" signature="Username()[pri:0, instance:test.com.packag.TestDemo@1dfe2924]" name="Username" duration-ms="11" started-at="2021-05-26T18:52:33 IST" finished-at="2021-05-26T18:52:33 IST">
          <reporter-output>
          </reporter-output>
        </test-method> <!-- Username -->
        <test-method status="PASS" signature="Logout()[pri:0, instance:test.com.packag.TestDemo@1dfe2924]" name="Logout" is-config="true" duration-ms="1" started-at="2021-05-26T18:52:33 IST" finished-at="2021-05-26T18:52:33 IST">
          <reporter-output>
          </reporter-output>
        </test-method> <!-- Logout -->
        <test-method status="PASS" signature="login()[pri:0, instance:test.com.packag.TestDemo@1dfe2924]" name="login" is-config="true" duration-ms="1" started-at="2021-05-26T18:52:33 IST" finished-at="2021-05-26T18:52:33 IST">
          <reporter-output>
          </reporter-output>
        </test-method> <!-- login -->
        <test-method status="PASS" signature="password()[pri:0, instance:test.com.packag.TestDemo@1dfe2924]" name="password" duration-ms="4" started-at="2021-05-26T18:52:33 IST" finished-at="2021-05-26T18:52:33 IST">
          <reporter-output>
          </reporter-output>
        </test-method> <!-- password -->
        <test-method status="PASS" signature="Logout()[pri:0, instance:test.com.packag.TestDemo@1dfe2924]" name="Logout" is-config="true" duration-ms="1" started-at="2021-05-26T18:52:33 IST" finished-at="2021-05-26T18:52:33 IST">
          <reporter-output>
          </reporter-output>
        </test-method> <!-- Logout -->
        <test-method status="PASS" signature="closeBrowser()[pri:0, instance:test.com.packag.TestDemo@1dfe2924]" name="closeBrowser" is-config="true" duration-ms="0" started-at="2021-05-26T18:52:33 IST" finished-at="2021-05-26T18:52:33 IST">
          <reporter-output>
          </reporter-output>
        </test-method> <!-- closeBrowser -->
        <test-method status="PASS" signature="verification()[pri:0, instance:test.com.packag.TestDemo@1dfe2924]" name="verification" is-config="true" duration-ms="1" started-at="2021-05-26T18:52:33 IST" finished-at="2021-05-26T18:52:33 IST">
          <reporter-output>
          </reporter-output>
        </test-method> <!-- verification -->
        <test-method status="PASS" signature="Cookies()[pri:0, instance:test.com.packag.TestDemo@1dfe2924]" name="Cookies" is-config="true" duration-ms="1" started-at="2021-05-26T18:52:33 IST" finished-at="2021-05-26T18:52:33 IST">
          <reporter-output>
          </reporter-output>
        </test-method> <!-- Cookies -->
      </class> <!-- test.com.packag.TestDemo -->
    </test> <!-- Default test -->
  </suite> <!-- Default suite -->
</testng-results>
